2021-02-28 03:51:19.071 - INFO - 20290 - azureml.train.automl._experiment_drivers.driver_utilities.modify_run_configuration:199 - Package azureml-train-automl missing from dependencies file.
2021-02-28 03:51:19.071 - INFO - 20290 - azureml.train.automl._experiment_drivers.driver_utilities.modify_run_configuration:205 - Using pinned version: azureml-train-automl==1.22.0.*
2021-02-28 03:51:19.072 - INFO - 20290 - azureml.train.automl._experiment_drivers.driver_utilities.modify_run_configuration:199 - Package pandas missing from dependencies file.
2021-02-28 03:51:19.073 - INFO - 20290 - azureml.train.automl._experiment_drivers.driver_utilities.modify_run_configuration:205 - Using pinned version: pandas==0.25.1
2021-02-28 03:51:19.073 - INFO - 20290 - azureml.train.automl._experiment_drivers.driver_utilities.modify_run_configuration:199 - Package psutil missing from dependencies file.
2021-02-28 03:51:19.073 - INFO - 20290 - azureml.train.automl._experiment_drivers.driver_utilities.modify_run_configuration:205 - Using pinned version: psutil>5.0.0,<6.0.0
2021-02-28 03:51:19.074 - INFO - 20290 - azureml.train.automl._experiment_drivers.driver_utilities.modify_run_configuration:199 - Package scikit-learn missing from dependencies file.
2021-02-28 03:51:19.074 - INFO - 20290 - azureml.train.automl._experiment_drivers.driver_utilities.modify_run_configuration:205 - Using pinned version: scikit-learn==0.22.1
2021-02-28 03:51:19.074 - INFO - 20290 - azureml.train.automl._experiment_drivers.driver_utilities.modify_run_configuration:199 - Package numpy missing from dependencies file.
2021-02-28 03:51:19.075 - INFO - 20290 - azureml.train.automl._experiment_drivers.driver_utilities.modify_run_configuration:205 - Using pinned version: numpy~=1.18.0
2021-02-28 03:51:19.075 - INFO - 20290 - azureml.train.automl._experiment_drivers.driver_utilities.modify_run_configuration:199 - Package py-xgboost missing from dependencies file.
2021-02-28 03:51:19.075 - INFO - 20290 - azureml.train.automl._experiment_drivers.driver_utilities.modify_run_configuration:205 - Using pinned version: py-xgboost<=0.90
2021-02-28 03:51:19.077 - INFO - 20290 - azureml.train.automl._experiment_drivers.driver_utilities.modify_run_configuration:199 - Package inference-schema missing from dependencies file.
2021-02-28 03:51:19.084 - INFO - 20290 - azureml.train.automl._experiment_drivers.driver_utilities.modify_run_configuration:199 - Package fbprophet missing from dependencies file.
2021-02-28 03:51:19.084 - INFO - 20290 - azureml.train.automl._experiment_drivers.driver_utilities.modify_run_configuration:205 - Using pinned version: fbprophet==0.5
2021-02-28 03:51:19.085 - INFO - 20290 - azureml.train.automl._experiment_drivers.driver_utilities.modify_run_configuration:199 - Package setuptools-git missing from dependencies file.
2021-02-28 03:51:19.085 - INFO - 20290 - azureml.train.automl._experiment_drivers.driver_utilities.modify_run_configuration:209 - Using installed version: setuptools-git==1.2
2021-02-28 03:51:19.090 - INFO - 20290 - azureml.train.automl._experiment_drivers.driver_utilities.validate_input:105 - Start data validation.
2021-02-28 03:51:20.827 - INFO - 20290 - azureml.train.automl._experiment_drivers.driver_utilities.validate_input:118 - Validation service found the data has no errors.
2021-02-28 03:51:20.828 - INFO - 20290 - azureml.train.automl._experiment_drivers.driver_utilities._create_remote_parent_run:377 - Start creating parent run.
2021-02-28 03:51:21.101 - INFO - 20290 - azureml.train.automl._experiment_drivers.driver_utilities._create_remote_parent_run:396 - [ParentRunID:AutoML_e5e5745e-8a0c-4e27-89e2-931427e2c698] Remote run using input X and y.
2021-02-28 03:51:21.258 - INFO - 20290 - azureml.train.automl._experiment_drivers.driver_utilities._create_remote_parent_run:416 - Parent Run ID: AutoML_e5e5745e-8a0c-4e27-89e2-931427e2c698
2021-02-28 03:51:21.259 - INFO - 20290 - azureml.train.automl._experiment_drivers.driver_utilities.start_remote_run:332 - Starting a snapshot run (snapshot_id : None)
2021-02-28 04:23:39.788 - INFO - 20290 - azureml.train.automl._experiment_drivers.driver_utilities.modify_run_configuration:199 - Package azureml-train-automl missing from dependencies file.
2021-02-28 04:23:39.788 - INFO - 20290 - azureml.train.automl._experiment_drivers.driver_utilities.modify_run_configuration:205 - Using pinned version: azureml-train-automl==1.22.0.*
2021-02-28 04:23:39.789 - INFO - 20290 - azureml.train.automl._experiment_drivers.driver_utilities.modify_run_configuration:199 - Package pandas missing from dependencies file.
2021-02-28 04:23:39.789 - INFO - 20290 - azureml.train.automl._experiment_drivers.driver_utilities.modify_run_configuration:205 - Using pinned version: pandas==0.25.1
2021-02-28 04:23:39.789 - INFO - 20290 - azureml.train.automl._experiment_drivers.driver_utilities.modify_run_configuration:199 - Package psutil missing from dependencies file.
2021-02-28 04:23:39.789 - INFO - 20290 - azureml.train.automl._experiment_drivers.driver_utilities.modify_run_configuration:205 - Using pinned version: psutil>5.0.0,<6.0.0
2021-02-28 04:23:39.789 - INFO - 20290 - azureml.train.automl._experiment_drivers.driver_utilities.modify_run_configuration:199 - Package scikit-learn missing from dependencies file.
2021-02-28 04:23:39.789 - INFO - 20290 - azureml.train.automl._experiment_drivers.driver_utilities.modify_run_configuration:205 - Using pinned version: scikit-learn==0.22.1
2021-02-28 04:23:39.789 - INFO - 20290 - azureml.train.automl._experiment_drivers.driver_utilities.modify_run_configuration:199 - Package numpy missing from dependencies file.
2021-02-28 04:23:39.789 - INFO - 20290 - azureml.train.automl._experiment_drivers.driver_utilities.modify_run_configuration:205 - Using pinned version: numpy~=1.18.0
2021-02-28 04:23:39.789 - INFO - 20290 - azureml.train.automl._experiment_drivers.driver_utilities.modify_run_configuration:199 - Package py-xgboost missing from dependencies file.
2021-02-28 04:23:39.789 - INFO - 20290 - azureml.train.automl._experiment_drivers.driver_utilities.modify_run_configuration:205 - Using pinned version: py-xgboost<=0.90
2021-02-28 04:23:39.789 - INFO - 20290 - azureml.train.automl._experiment_drivers.driver_utilities.modify_run_configuration:199 - Package inference-schema missing from dependencies file.
2021-02-28 04:23:39.789 - INFO - 20290 - azureml.train.automl._experiment_drivers.driver_utilities.modify_run_configuration:199 - Package fbprophet missing from dependencies file.
2021-02-28 04:23:39.789 - INFO - 20290 - azureml.train.automl._experiment_drivers.driver_utilities.modify_run_configuration:205 - Using pinned version: fbprophet==0.5
2021-02-28 04:23:39.789 - INFO - 20290 - azureml.train.automl._experiment_drivers.driver_utilities.modify_run_configuration:199 - Package setuptools-git missing from dependencies file.
2021-02-28 04:23:39.789 - INFO - 20290 - azureml.train.automl._experiment_drivers.driver_utilities.modify_run_configuration:209 - Using installed version: setuptools-git==1.2
2021-02-28 04:23:39.798 - INFO - 20290 - azureml.train.automl._experiment_drivers.driver_utilities.validate_input:105 - Start data validation.
2021-02-28 04:23:42.495 - INFO - 20290 - azureml.train.automl._experiment_drivers.driver_utilities.validate_input:118 - Validation service found the data has no errors.
2021-02-28 04:23:42.495 - INFO - 20290 - azureml.train.automl._experiment_drivers.driver_utilities._create_remote_parent_run:377 - Start creating parent run.
2021-02-28 04:23:42.808 - INFO - 20290 - azureml.train.automl._experiment_drivers.driver_utilities._create_remote_parent_run:396 - [ParentRunID:AutoML_558261fe-8a43-454d-a7fa-3ac645234304] Remote run using input X and y.
2021-02-28 04:23:42.934 - INFO - 20290 - azureml.train.automl._experiment_drivers.driver_utilities._create_remote_parent_run:416 - Parent Run ID: AutoML_558261fe-8a43-454d-a7fa-3ac645234304
2021-02-28 04:23:42.935 - INFO - 20290 - azureml.train.automl._experiment_drivers.driver_utilities.start_remote_run:332 - Starting a snapshot run (snapshot_id : None)
2021-02-28 04:50:57.178 - INFO - 20290 - azureml.train.automl._experiment_drivers.driver_utilities.modify_run_configuration:199 - Package azureml-train-automl missing from dependencies file.
2021-02-28 04:50:57.178 - INFO - 20290 - azureml.train.automl._experiment_drivers.driver_utilities.modify_run_configuration:205 - Using pinned version: azureml-train-automl==1.22.0.*
2021-02-28 04:50:57.178 - INFO - 20290 - azureml.train.automl._experiment_drivers.driver_utilities.modify_run_configuration:199 - Package pandas missing from dependencies file.
2021-02-28 04:50:57.178 - INFO - 20290 - azureml.train.automl._experiment_drivers.driver_utilities.modify_run_configuration:205 - Using pinned version: pandas==0.25.1
2021-02-28 04:50:57.178 - INFO - 20290 - azureml.train.automl._experiment_drivers.driver_utilities.modify_run_configuration:199 - Package psutil missing from dependencies file.
2021-02-28 04:50:57.179 - INFO - 20290 - azureml.train.automl._experiment_drivers.driver_utilities.modify_run_configuration:205 - Using pinned version: psutil>5.0.0,<6.0.0
2021-02-28 04:50:57.179 - INFO - 20290 - azureml.train.automl._experiment_drivers.driver_utilities.modify_run_configuration:199 - Package scikit-learn missing from dependencies file.
2021-02-28 04:50:57.179 - INFO - 20290 - azureml.train.automl._experiment_drivers.driver_utilities.modify_run_configuration:205 - Using pinned version: scikit-learn==0.22.1
2021-02-28 04:50:57.179 - INFO - 20290 - azureml.train.automl._experiment_drivers.driver_utilities.modify_run_configuration:199 - Package numpy missing from dependencies file.
2021-02-28 04:50:57.179 - INFO - 20290 - azureml.train.automl._experiment_drivers.driver_utilities.modify_run_configuration:205 - Using pinned version: numpy~=1.18.0
2021-02-28 04:50:57.179 - INFO - 20290 - azureml.train.automl._experiment_drivers.driver_utilities.modify_run_configuration:199 - Package py-xgboost missing from dependencies file.
2021-02-28 04:50:57.179 - INFO - 20290 - azureml.train.automl._experiment_drivers.driver_utilities.modify_run_configuration:205 - Using pinned version: py-xgboost<=0.90
2021-02-28 04:50:57.179 - INFO - 20290 - azureml.train.automl._experiment_drivers.driver_utilities.modify_run_configuration:199 - Package inference-schema missing from dependencies file.
2021-02-28 04:50:57.179 - INFO - 20290 - azureml.train.automl._experiment_drivers.driver_utilities.modify_run_configuration:199 - Package fbprophet missing from dependencies file.
2021-02-28 04:50:57.179 - INFO - 20290 - azureml.train.automl._experiment_drivers.driver_utilities.modify_run_configuration:205 - Using pinned version: fbprophet==0.5
2021-02-28 04:50:57.179 - INFO - 20290 - azureml.train.automl._experiment_drivers.driver_utilities.modify_run_configuration:199 - Package setuptools-git missing from dependencies file.
2021-02-28 04:50:57.179 - INFO - 20290 - azureml.train.automl._experiment_drivers.driver_utilities.modify_run_configuration:209 - Using installed version: setuptools-git==1.2
2021-02-28 04:50:57.185 - INFO - 20290 - azureml.train.automl._experiment_drivers.driver_utilities.validate_input:105 - Start data validation.
2021-02-28 04:51:01.769 - INFO - 20290 - azureml.train.automl._experiment_drivers.driver_utilities.validate_input:118 - Validation service found the data has no errors.
2021-02-28 04:51:01.770 - INFO - 20290 - azureml.train.automl._experiment_drivers.driver_utilities._create_remote_parent_run:377 - Start creating parent run.
2021-02-28 04:51:02.846 - INFO - 20290 - azureml.train.automl._experiment_drivers.driver_utilities._create_remote_parent_run:396 - [ParentRunID:AutoML_8eb0ac7a-e23f-4c4f-bb60-526a1bb8354c] Remote run using input X and y.
2021-02-28 04:51:03.217 - INFO - 20290 - azureml.train.automl._experiment_drivers.driver_utilities._create_remote_parent_run:416 - Parent Run ID: AutoML_8eb0ac7a-e23f-4c4f-bb60-526a1bb8354c
2021-02-28 04:51:03.217 - INFO - 20290 - azureml.train.automl._experiment_drivers.driver_utilities.start_remote_run:332 - Starting a snapshot run (snapshot_id : None)
2021-02-28 18:13:53.147 - INFO - 8492 - azureml.train.automl._experiment_drivers.driver_utilities.modify_run_configuration:199 - Package azureml-train-automl missing from dependencies file.
2021-02-28 18:13:53.147 - INFO - 8492 - azureml.train.automl._experiment_drivers.driver_utilities.modify_run_configuration:205 - Using pinned version: azureml-train-automl==1.22.0.*
2021-02-28 18:13:53.147 - INFO - 8492 - azureml.train.automl._experiment_drivers.driver_utilities.modify_run_configuration:199 - Package pandas missing from dependencies file.
2021-02-28 18:13:53.147 - INFO - 8492 - azureml.train.automl._experiment_drivers.driver_utilities.modify_run_configuration:205 - Using pinned version: pandas==0.25.1
2021-02-28 18:13:53.148 - INFO - 8492 - azureml.train.automl._experiment_drivers.driver_utilities.modify_run_configuration:199 - Package psutil missing from dependencies file.
2021-02-28 18:13:53.148 - INFO - 8492 - azureml.train.automl._experiment_drivers.driver_utilities.modify_run_configuration:205 - Using pinned version: psutil>5.0.0,<6.0.0
2021-02-28 18:13:53.148 - INFO - 8492 - azureml.train.automl._experiment_drivers.driver_utilities.modify_run_configuration:199 - Package scikit-learn missing from dependencies file.
2021-02-28 18:13:53.148 - INFO - 8492 - azureml.train.automl._experiment_drivers.driver_utilities.modify_run_configuration:205 - Using pinned version: scikit-learn==0.22.1
2021-02-28 18:13:53.148 - INFO - 8492 - azureml.train.automl._experiment_drivers.driver_utilities.modify_run_configuration:199 - Package numpy missing from dependencies file.
2021-02-28 18:13:53.148 - INFO - 8492 - azureml.train.automl._experiment_drivers.driver_utilities.modify_run_configuration:205 - Using pinned version: numpy~=1.18.0
2021-02-28 18:13:53.148 - INFO - 8492 - azureml.train.automl._experiment_drivers.driver_utilities.modify_run_configuration:199 - Package py-xgboost missing from dependencies file.
2021-02-28 18:13:53.148 - INFO - 8492 - azureml.train.automl._experiment_drivers.driver_utilities.modify_run_configuration:205 - Using pinned version: py-xgboost<=0.90
2021-02-28 18:13:53.148 - INFO - 8492 - azureml.train.automl._experiment_drivers.driver_utilities.modify_run_configuration:199 - Package inference-schema missing from dependencies file.
2021-02-28 18:13:53.149 - INFO - 8492 - azureml.train.automl._experiment_drivers.driver_utilities.modify_run_configuration:199 - Package fbprophet missing from dependencies file.
2021-02-28 18:13:53.149 - INFO - 8492 - azureml.train.automl._experiment_drivers.driver_utilities.modify_run_configuration:205 - Using pinned version: fbprophet==0.5
2021-02-28 18:13:53.149 - INFO - 8492 - azureml.train.automl._experiment_drivers.driver_utilities.modify_run_configuration:199 - Package setuptools-git missing from dependencies file.
2021-02-28 18:13:53.149 - INFO - 8492 - azureml.train.automl._experiment_drivers.driver_utilities.modify_run_configuration:209 - Using installed version: setuptools-git==1.2
2021-02-28 18:13:53.161 - INFO - 8492 - azureml.train.automl._experiment_drivers.driver_utilities.validate_input:105 - Start data validation.
2021-02-28 18:13:53.871 - INFO - 8492 - azureml.train.automl._experiment_drivers.driver_utilities.validate_input:118 - Validation service found the data has no errors.
2021-02-28 18:13:53.872 - INFO - 8492 - azureml.train.automl._experiment_drivers.driver_utilities._create_remote_parent_run:377 - Start creating parent run.
2021-02-28 18:13:54.176 - INFO - 8492 - azureml.train.automl._experiment_drivers.driver_utilities._create_remote_parent_run:396 - [ParentRunID:AutoML_2b0c7901-a271-435c-82f7-a62a1d9f3dab] Remote run using input X and y.
2021-02-28 18:13:54.307 - INFO - 8492 - azureml.train.automl._experiment_drivers.driver_utilities._create_remote_parent_run:416 - Parent Run ID: AutoML_2b0c7901-a271-435c-82f7-a62a1d9f3dab
2021-02-28 18:13:54.308 - INFO - 8492 - azureml.train.automl._experiment_drivers.driver_utilities.start_remote_run:332 - Starting a snapshot run (snapshot_id : None)
